<?xml version="1.0" encoding="UTF-8"?>
<!-- Generated by org.testng.reporters.JUnitReportReporter -->
<testsuite hostname="Prawin-Pc" failures="0" tests="3" name="runner.Task15Tester" time="202.057" errors="0" timestamp="2025-03-08T15:04:46 IST" skipped="0">
  <testcase classname="runner.Task15Tester" name="runScenario" time="49.218"/>
  <system-out/>
  <testcase classname="runner.Task15Tester" name="runScenario" time="57.015"/>
  <system-out/>
  <testcase classname="runner.Task15Tester" name="runScenario" time="95.824"/>
  <system-out/>
</testsuite> <!-- runner.Task15Tester -->
