<?xml version="1.0" encoding="UTF-8"?>
<!-- Generated by org.testng.reporters.JUnitReportReporter -->
<testsuite hostname="Prawin-Pc" failures="2" tests="3" name="runner.TestRunner1" time="34.321" errors="0" timestamp="2025-03-07T12:35:07 IST" skipped="0">
  <testcase classname="runner.TestRunner1" name="runScenario" time="10.217">
    <failure message="Password Retrification failed! expected [Password reset mail sent to ur email] but found [Internal Server Error]" type="java.lang.AssertionError">
      <![CDATA[java.lang.AssertionError: Password Retrification failed! expected [Password reset mail sent to ur email] but found [Internal Server Error]
at org.testng.Assert.fail(Assert.java:99)
at org.testng.Assert.failNotEquals(Assert.java:1037)
at org.testng.Assert.assertEqualsImpl(Assert.java:140)
at org.testng.Assert.assertEquals(Assert.java:122)
at org.testng.Assert.assertEquals(Assert.java:629)
at stepDefinitions.Heroku.i_should_see_a_confirmation_message(Heroku.java:62)
at ✽.I should see a confirmation message(file:///C:/Users/kalai/eclipse-workspace/Phase2Day16Maven/src/test/resources/features/heroku.feature:13)
]]>
    </failure>
  </testcase> <!-- runScenario -->
  <system-out/>
  <testcase classname="runner.TestRunner1" name="runScenario" time="17.694"/>
  <system-out/>
  <testcase classname="runner.TestRunner1" name="runScenario" time="6.410">
    <failure message="Viewing Terms and Condtions Failed expected [true] but found [false]" type="java.lang.AssertionError">
      <![CDATA[java.lang.AssertionError: Viewing Terms and Condtions Failed expected [true] but found [false]
at org.testng.Assert.fail(Assert.java:99)
at org.testng.Assert.failNotEquals(Assert.java:1037)
at org.testng.Assert.assertTrue(Assert.java:45)
at stepDefinitions.Heroku.i_should_see_the_terms_and_conditions(Heroku.java:78)
at ✽.I should see the Terms and Conditions(file:///C:/Users/kalai/eclipse-workspace/Phase2Day16Maven/src/test/resources/features/heroku.feature:18)
]]>
    </failure>
  </testcase> <!-- runScenario -->
  <system-out/>
</testsuite> <!-- runner.TestRunner1 -->
